week3-1.obj : error LNK2005: main 已经在 week2-1.obj 中定义
D:\File\Project\Code\C++\Project1\x64\Debug\Project1.exe : fatal error LNK1169: 找到一个或多个多重定义的符号
